[debug] [2025-01-28T00:45:07.820Z] ----------------------------------------------------------------------
[debug] [2025-01-28T00:45:07.822Z] Command:       C:\Program Files\nodejs\node.exe C:\Program Files\nodejs\node_modules\firebase-tools\lib\bin\firebase.js projects:list
[debug] [2025-01-28T00:45:07.822Z] CLI Version:   13.29.2
[debug] [2025-01-28T00:45:07.822Z] Platform:      win32
[debug] [2025-01-28T00:45:07.822Z] Node Version:  v18.20.6
[debug] [2025-01-28T00:45:07.823Z] Time:          Mon Jan 27 2025 16:45:07 GMT-0800 (Pacific Standard Time)
[debug] [2025-01-28T00:45:07.823Z] ----------------------------------------------------------------------
[debug] 
[debug] [2025-01-28T00:45:07.983Z] > command requires scopes: ["email","openid","https://www.googleapis.com/auth/cloudplatformprojects.readonly","https://www.googleapis.com/auth/firebase","https://www.googleapis.com/auth/cloud-platform"]
[debug] [2025-01-28T00:45:07.983Z] > authorizing via signed-in user (jim@arraywebdevelopment.com)
[debug] [2025-01-28T00:45:07.987Z] Checked if tokens are valid: false, expires at: 1719354392666
[debug] [2025-01-28T00:45:07.987Z] Checked if tokens are valid: false, expires at: 1719354392666
[debug] [2025-01-28T00:45:07.988Z] > refreshing access token with scopes: []
[debug] [2025-01-28T00:45:07.989Z] >>> [apiv2][query] POST https://www.googleapis.com/oauth2/v3/token [none]
[debug] [2025-01-28T00:45:07.989Z] >>> [apiv2][body] POST https://www.googleapis.com/oauth2/v3/token [omitted]
[debug] [2025-01-28T00:45:08.074Z] <<< [apiv2][status] POST https://www.googleapis.com/oauth2/v3/token 400
[debug] [2025-01-28T00:45:08.074Z] <<< [apiv2][body] POST https://www.googleapis.com/oauth2/v3/token [omitted]
[debug] [2025-01-28T00:45:08.075Z] >>> [apiv2][query] GET https://firebase.googleapis.com/v1beta1/projects pageSize=1000
[debug] [2025-01-28T00:45:08.117Z] <<< [apiv2][status] GET https://firebase.googleapis.com/v1beta1/projects 401
[debug] [2025-01-28T00:45:08.117Z] <<< [apiv2][body] GET https://firebase.googleapis.com/v1beta1/projects [omitted]
[debug] [2025-01-28T00:45:08.117Z] Got a 401 Unauthenticated error for a call that required authentication. Refreshing tokens.
[debug] [2025-01-28T00:45:08.117Z] Checked if tokens are valid: false, expires at: 1719354392666
[debug] [2025-01-28T00:45:08.117Z] Checked if tokens are valid: false, expires at: 1719354392666
[debug] [2025-01-28T00:45:08.117Z] > refreshing access token with scopes: []
[debug] [2025-01-28T00:45:08.118Z] >>> [apiv2][query] POST https://www.googleapis.com/oauth2/v3/token [none]
[debug] [2025-01-28T00:45:08.118Z] >>> [apiv2][body] POST https://www.googleapis.com/oauth2/v3/token [omitted]
[debug] [2025-01-28T00:45:08.170Z] <<< [apiv2][status] POST https://www.googleapis.com/oauth2/v3/token 400
[debug] [2025-01-28T00:45:08.170Z] <<< [apiv2][body] POST https://www.googleapis.com/oauth2/v3/token [omitted]
[debug] [2025-01-28T00:45:08.170Z] Request to https://firebase.googleapis.com/v1beta1/projects?pageSize=1000 had HTTP Error: 401, Request had invalid authentication credentials. Expected OAuth 2 access token, login cookie or other valid authentication credential. See https://developers.google.com/identity/sign-in/web/devconsole-project.
[debug] [2025-01-28T00:45:08.209Z] FirebaseError: Request to https://firebase.googleapis.com/v1beta1/projects?pageSize=1000 had HTTP Error: 401, Request had invalid authentication credentials. Expected OAuth 2 access token, login cookie or other valid authentication credential. See https://developers.google.com/identity/sign-in/web/devconsole-project.
    at responseToError (C:\Users\jim\AppData\Roaming\nvm\v18.20.6\node_modules\firebase-tools\lib\responseToError.js:52:12)
    at RetryOperation._fn (C:\Users\jim\AppData\Roaming\nvm\v18.20.6\node_modules\firebase-tools\lib\apiv2.js:312:77)
    at process.processTicksAndRejections (node:internal/process/task_queues:95:5)
[error] 
[error] Error: Failed to list Firebase projects. See firebase-debug.log for more info.
